<?xml version="1.0" encoding="UTF-8"?>
<testng-results ignored="0" total="1" passed="1" failed="0" skipped="0">
  <reporter-output>
  </reporter-output>
  <suite started-at="2023-10-22T19:59:02 ICT" name="Default suite" finished-at="2023-10-22T19:59:12 ICT" duration-ms="9713">
    <groups>
    </groups>
    <test started-at="2023-10-22T19:59:02 ICT" name="Default test" finished-at="2023-10-22T19:59:12 ICT" duration-ms="9713">
      <class name="tests.FormsTest">
        <test-method is-config="true" signature="openWebsite()[pri:0, instance:tests.FormsTest@2b71e916]" started-at="2023-10-22T19:59:02 ICT" name="openWebsite" finished-at="2023-10-22T19:59:09 ICT" duration-ms="6999" status="PASS">
          <reporter-output>
          </reporter-output>
        </test-method> <!-- openWebsite -->
        <test-method signature="submitDataSuccessfully(java.lang.String,java.lang.String,java.lang.String,java.lang.String,java.lang.String,java.lang.String,java.lang.String,java.lang.String,java.lang.String,java.lang.String,java.lang.String,java.lang.String,java.lang.String,java.lang.String,java.lang.String)[pri:0, instance:tests.FormsTest@2b71e916]" started-at="2023-10-22T19:59:09 ICT" name="submitDataSuccessfully" description="TC01 - Submit data successfully" data-provider="FormData" finished-at="2023-10-22T19:59:12 ICT" duration-ms="2661" status="PASS">
          <params>
            <param index="0">
              <value>
                <![CDATA[Pham]]>
              </value>
            </param>
            <param index="1">
              <value>
                <![CDATA[Cong]]>
              </value>
            </param>
            <param index="2">
              <value>
                <![CDATA[abcd@gmail.com]]>
              </value>
            </param>
            <param index="3">
              <value>
                <![CDATA[Male]]>
              </value>
            </param>
            <param index="4">
              <value>
                <![CDATA[9]]>
              </value>
            </param>
            <param index="5">
              <value>
                <![CDATA[December]]>
              </value>
            </param>
            <param index="6">
              <value>
                <![CDATA[1998]]>
              </value>
            </param>
            <param index="7">
              <value>
                <![CDATA[0355373838]]>
              </value>
            </param>
            <param index="8">
              <value>
                <![CDATA[Maths]]>
              </value>
            </param>
            <param index="9">
              <value>
                <![CDATA[English]]>
              </value>
            </param>
            <param index="10">
              <value>
                <![CDATA[Ha Noi]]>
              </value>
            </param>
            <param index="11">
              <value>
                <![CDATA[Sports]]>
              </value>
            </param>
            <param index="12">
              <value>
                <![CDATA[Reading]]>
              </value>
            </param>
            <param index="13">
              <value>
                <![CDATA[NCR]]>
              </value>
            </param>
            <param index="14">
              <value>
                <![CDATA[Delhi]]>
              </value>
            </param>
          </params>
          <reporter-output>
          </reporter-output>
        </test-method> <!-- submitDataSuccessfully -->
      </class> <!-- tests.FormsTest -->
    </test> <!-- Default test -->
  </suite> <!-- Default suite -->
</testng-results>
